14:34:40.690 [main] INFO  ws.zp.Application:48 - Starting Application on edo-Java with PID 15918 (/home/edo/Documents/Exercise2/WS-ZhoopersRestHibernate/build/classes/main started by edo in /home/edo/Documents/Exercise2/WS-ZhoopersRestHibernate)
14:34:40.694 [main] DEBUG ws.zp.Application:51 - Running with Spring Boot v1.3.5.RELEASE, Spring v4.2.6.RELEASE
14:34:40.694 [main] INFO  ws.zp.Application:666 - No active profile set, falling back to default profiles: default
14:34:46.282 [main] INFO  ws.zp.Application:57 - Started Application in 5.896 seconds (JVM running for 6.355)
14:35:05.472 [http-nio-8080-exec-2] INFO  w.z.c.ZhoopersRestController:36 - listAllUser()
14:35:05.473 [http-nio-8080-exec-2] INFO  w.z.c.ZhoopersRestController:42 - token: 5349-47c
14:35:05.625 [http-nio-8080-exec-2] DEBUG w.z.c.ZhoopersRestController:45 - userList size: 2
14:36:50.985 [main] INFO  ws.zp.Application:48 - Starting Application on edo-Java with PID 16050 (/home/edo/Documents/Exercise2/WS-ZhoopersRestHibernate/build/classes/main started by edo in /home/edo/Documents/Exercise2/WS-ZhoopersRestHibernate)
14:36:50.988 [main] DEBUG ws.zp.Application:51 - Running with Spring Boot v1.3.5.RELEASE, Spring v4.2.6.RELEASE
14:36:50.989 [main] INFO  ws.zp.Application:666 - No active profile set, falling back to default profiles: default
14:36:56.389 [main] INFO  ws.zp.Application:57 - Started Application in 5.722 seconds (JVM running for 6.14)
14:37:13.715 [http-nio-8080-exec-1] INFO  w.z.c.ZhoopersRestController:36 - listAllUser()
14:37:13.739 [http-nio-8080-exec-1] INFO  w.z.c.ZhoopersRestController:42 - token: 7e75-4ec
14:37:13.879 [http-nio-8080-exec-1] DEBUG w.z.c.ZhoopersRestController:45 - userList size: 2
15:08:41.133 [main] INFO  ws.zp.Application:48 - Starting Application on edo-Java with PID 17481 (/home/edo/Documents/Exercise2/WS-ZhoopersRestHibernate/build/classes/main started by edo in /home/edo/Documents/Exercise2/WS-ZhoopersRestHibernate)
15:08:41.137 [main] DEBUG ws.zp.Application:51 - Running with Spring Boot v1.3.5.RELEASE, Spring v4.2.6.RELEASE
15:08:41.138 [main] INFO  ws.zp.Application:666 - No active profile set, falling back to default profiles: default
15:08:47.106 [main] INFO  ws.zp.Application:57 - Started Application in 6.3 seconds (JVM running for 6.77)
15:09:00.063 [http-nio-8080-exec-1] INFO  w.z.c.ZhoopersRestController:37 - listAllUser()
15:09:00.232 [http-nio-8080-exec-1] DEBUG w.z.c.ZhoopersRestController:44 - userList size: 2
15:09:36.928 [http-nio-8080-exec-4] INFO  w.z.c.ZhoopersRestController:66 - checkLogin()
15:09:36.939 [http-nio-8080-exec-4] ERROR w.z.c.ZhoopersRestController:89 - Error checkLogin(): java.lang.ClassCastException: org.hibernate.internal.SQLQueryImpl cannot be cast to ws.zp.model.User
15:16:27.394 [main] INFO  ws.zp.Application:48 - Starting Application on edo-Java with PID 17939 (/home/edo/Documents/Exercise2/WS-ZhoopersRestHibernate/build/classes/main started by edo in /home/edo/Documents/Exercise2/WS-ZhoopersRestHibernate)
15:16:27.397 [main] DEBUG ws.zp.Application:51 - Running with Spring Boot v1.3.5.RELEASE, Spring v4.2.6.RELEASE
15:16:27.398 [main] INFO  ws.zp.Application:666 - No active profile set, falling back to default profiles: default
15:16:33.416 [main] INFO  ws.zp.Application:57 - Started Application in 6.333 seconds (JVM running for 6.781)
15:16:39.175 [http-nio-8080-exec-1] INFO  w.z.c.ZhoopersRestController:66 - checkLogin()
15:16:39.255 [http-nio-8080-exec-1] ERROR w.z.c.ZhoopersRestController:89 - Error checkLogin(): org.springframework.orm.hibernate4.HibernateQueryException: unexpected token: = near line 1, column 32 [from ws.zp.model.User username = :username and password = :password]; nested exception is org.hibernate.hql.internal.ast.QuerySyntaxException: unexpected token: = near line 1, column 32 [from ws.zp.model.User username = :username and password = :password]
15:17:21.172 [http-nio-8080-exec-2] INFO  w.z.c.ZhoopersRestController:66 - checkLogin()
15:17:21.181 [http-nio-8080-exec-2] ERROR w.z.c.ZhoopersRestController:89 - Error checkLogin(): org.springframework.orm.hibernate4.HibernateQueryException: unexpected token: = near line 1, column 32 [from ws.zp.model.User username = :username and password = :password]; nested exception is org.hibernate.hql.internal.ast.QuerySyntaxException: unexpected token: = near line 1, column 32 [from ws.zp.model.User username = :username and password = :password]
15:17:40.852 [main] INFO  ws.zp.Application:48 - Starting Application on edo-Java with PID 18038 (/home/edo/Documents/Exercise2/WS-ZhoopersRestHibernate/build/classes/main started by edo in /home/edo/Documents/Exercise2/WS-ZhoopersRestHibernate)
15:17:40.857 [main] DEBUG ws.zp.Application:51 - Running with Spring Boot v1.3.5.RELEASE, Spring v4.2.6.RELEASE
15:17:40.857 [main] INFO  ws.zp.Application:666 - No active profile set, falling back to default profiles: default
15:17:46.670 [main] INFO  ws.zp.Application:57 - Started Application in 6.104 seconds (JVM running for 6.503)
15:18:04.039 [http-nio-8080-exec-1] INFO  w.z.c.ZhoopersRestController:66 - checkLogin()
15:18:04.204 [http-nio-8080-exec-1] INFO  w.z.c.ZhoopersRestController:77 - user: [User [users_id=1, username=aska, password=pratama]]
16:57:12.062 [main] INFO  ws.zp.Application:48 - Starting Application on edo-Java with PID 20638 (/home/edo/Documents/Exercise2/WS-ZhoopersRestHibernate/build/classes/main started by edo in /home/edo/Documents/Exercise2/WS-ZhoopersRestHibernate)
16:57:12.066 [main] DEBUG ws.zp.Application:51 - Running with Spring Boot v1.3.5.RELEASE, Spring v4.2.6.RELEASE
16:57:12.066 [main] INFO  ws.zp.Application:666 - No active profile set, falling back to default profiles: default
16:57:17.865 [main] INFO  ws.zp.Application:57 - Started Application in 6.106 seconds (JVM running for 6.524)
16:57:34.790 [http-nio-8080-exec-1] INFO  w.z.c.ZhoopersRestController:68 - checkLogin()
16:57:34.940 [http-nio-8080-exec-1] INFO  w.z.c.ZhoopersRestController:82 - user: [User [users_id=1, username=aska, password=pratama]]
16:57:34.948 [http-nio-8080-exec-1] ERROR w.z.c.ZhoopersRestController:120 - Error checkLogin(): java.lang.NullPointerException
16:59:18.260 [main] INFO  ws.zp.Application:48 - Starting Application on edo-Java with PID 20784 (/home/edo/Documents/Exercise2/WS-ZhoopersRestHibernate/build/classes/main started by edo in /home/edo/Documents/Exercise2/WS-ZhoopersRestHibernate)
16:59:18.263 [main] DEBUG ws.zp.Application:51 - Running with Spring Boot v1.3.5.RELEASE, Spring v4.2.6.RELEASE
16:59:18.264 [main] INFO  ws.zp.Application:666 - No active profile set, falling back to default profiles: default
16:59:23.831 [main] INFO  ws.zp.Application:57 - Started Application in 5.89 seconds (JVM running for 6.307)
16:59:31.955 [http-nio-8080-exec-1] INFO  w.z.c.ZhoopersRestController:68 - checkLogin()
16:59:32.126 [http-nio-8080-exec-1] INFO  w.z.c.ZhoopersRestController:82 - user: [User [users_id=1, username=aska, password=pratama]]
16:59:32.183 [http-nio-8080-exec-1] INFO  w.z.c.ZhoopersRestController:104 - userLog: UserLog [users_log_id=1, users_id=1, token=d4e5-4ca, expired=false]
16:59:52.136 [http-nio-8080-exec-2] INFO  w.z.c.ZhoopersRestController:68 - checkLogin()
16:59:52.144 [http-nio-8080-exec-2] INFO  w.z.c.ZhoopersRestController:82 - user: [User [users_id=1, username=aska, password=pratama]]
16:59:52.155 [http-nio-8080-exec-2] INFO  w.z.c.ZhoopersRestController:90 - User Still Login !!!
